============================= test session starts ==============================
platform linux -- Python 3.7.3, pytest-6.2.5, py-1.10.0, pluggy-1.0.0 -- /usr/bin/python3
cachedir: .pytest_cache
hypothesis profile 'default' -> database=DirectoryBasedExampleDatabase('/tmp_amd/kamen/export/kamen/3/cs1531/project-automarking/tempstore/.hypothesis/examples')
rootdir: /tmp_amd/kamen/export/kamen/3/cs1531/project-automarking/tempstore, configfile: pytest.ini
plugins: forked-1.3.0, xdist-2.2.1, hypothesis-6.1.1, timeout-1.4.2
collecting ... collected 359 items

http_tests/admin_tests/test_admin_user_remove.py::test_once_removed_user_cant_do_anything PASSED [  0%]
http_tests/admin_tests/test_admin_user_remove.py::test_messages_after_user_removal_correct_format PASSED [  0%]
http_tests/admin_tests/test_admin_user_remove.py::test_removed_profile_still_fetchable_with_user_profile PASSED [  0%]
http_tests/admin_tests/test_admin_user_remove.py::test_removal_removed_from_channel PASSED [  1%]
http_tests/admin_tests/test_admin_user_remove.py::test_removal_removed_from_dm PASSED [  1%]
http_tests/admin_tests/test_admin_user_remove.py::test_removal_not_in_users_all PASSED [  1%]
http_tests/admin_tests/test_admin_user_remove.py::test_email_reusable PASSED [  1%]
http_tests/admin_tests/test_admin_user_remove.py::test_handle_reusable PASSED [  2%]
http_tests/admin_tests/test_admin_user_remove.py::test_invalid_user PASSED [  2%]
http_tests/admin_tests/test_admin_user_remove.py::test_cannot_remove_last_owner PASSED [  2%]
http_tests/admin_tests/test_admin_user_remove.py::test_cannot_remove_user_nonowner PASSED [  3%]
http_tests/admin_tests/test_admin_user_remove.py::test_invalid_token PASSED [  3%]
http_tests/admin_tests/test_admin_userpermission_change.py::test_successful_permission_change PASSED [  3%]
http_tests/admin_tests/test_admin_userpermission_change.py::test_cannot_demote_last_owner PASSED [  3%]
http_tests/admin_tests/test_admin_userpermission_change.py::test_nonowner_cant_change_permissions PASSED [  4%]
http_tests/admin_tests/test_admin_userpermission_change.py::test_invalid_user PASSED [  4%]
http_tests/admin_tests/test_admin_userpermission_change.py::test_invalid_permission PASSED [  4%]
http_tests/admin_tests/test_admin_userpermission_change.py::test_invalid_token PASSED [  5%]
http_tests/auth_tests/test_auth_login.py::test_successful_login PASSED   [  5%]
http_tests/auth_tests/test_auth_login.py::test_can_have_two_sessions PASSED [  5%]
http_tests/auth_tests/test_auth_login.py::test_unregistered_user PASSED  [  5%]
http_tests/auth_tests/test_auth_login.py::test_registered_but_incorrect_password PASSED [  6%]
http_tests/auth_tests/test_auth_logout.py::test_successful_logout PASSED [  6%]
http_tests/auth_tests/test_auth_logout.py::test_accesserror_when_already_logged_out PASSED [  6%]
http_tests/auth_tests/test_auth_register.py::test_invalid_email[@gmail.com] PASSED [  6%]
http_tests/auth_tests/test_auth_register.py::test_invalid_email[bob] PASSED [  7%]
http_tests/auth_tests/test_auth_register.py::test_invalid_email[bob@bob@bob.com] PASSED [  7%]
http_tests/auth_tests/test_auth_register.py::test_invalid_password[12345] PASSED [  7%]
http_tests/auth_tests/test_auth_register.py::test_invalid_password[] PASSED [  8%]
http_tests/auth_tests/test_auth_register.py::test_invalid_name_first[] PASSED [  8%]
http_tests/auth_tests/test_auth_register.py::test_invalid_name_first[aaaaaaaaaaaaaaaaaaaaaaaaaaaaaaaaaaaaaaaaaaaaaaaaaaa] PASSED [  8%]
http_tests/auth_tests/test_auth_register.py::test_invalid_name_last[] PASSED [  8%]
http_tests/auth_tests/test_auth_register.py::test_invalid_name_last[bbbbbbbbbbbbbbbbbbbbbbbbbbbbbbbbbbbbbbbbbbbbbbbbbbb] PASSED [  9%]
http_tests/auth_tests/test_auth_register.py::test_duplicate_email PASSED [  9%]
http_tests/auth_tests/test_auth_register.py::test_removed_user_name PASSED [  9%]
http_tests/auth_tests/test_auth_register.py::test_successful_registration PASSED [ 10%]
http_tests/auth_tests/test_auth_register.py::test_basic_handle_generated_correctly[Bob-Smith-bobsmith] PASSED [ 10%]
http_tests/auth_tests/test_auth_register.py::test_basic_handle_generated_correctly[ababababab-cdcdcdcdcdcd-abababababcdcdcdcdcd] PASSED [ 10%]
http_tests/auth_tests/test_auth_register.py::test_duplicate_handles_generated_correctly[abcdefghij-klmnopqrs-abcdefghijklmnopqrs-abcdefghij-klmnopqrs-abcdefghijklmnopqrs0] PASSED [ 10%]
http_tests/auth_tests/test_auth_register.py::test_duplicate_handles_generated_correctly[abcdefghij-klmnopqrst-abcdefghijklmnopqrst-abcdefghij-klmnopqrst-abcdefghijklmnopqrst0] PASSED [ 11%]
http_tests/auth_tests/test_auth_register.py::test_duplicate_handles_generated_correctly[@bcdefgh!j-klmn opqrst-bcdefghjklmnopqrst-bcdefghj-klmnopqrst-bcdefghjklmnopqrst0] PASSED [ 11%]
http_tests/auth_tests/test_auth_register.py::test_duplicate_handles_generated_correctly[abc-def0-abcdef0-abc-def-abcdef1] PASSED [ 11%]
http_tests/auth_tests/test_passwordreset_request.py::test_return_format_correct PASSED [ 11%]
http_tests/auth_tests/test_passwordreset_request.py::test_password_request_logs_out_everywhere FAILED [ 12%]
http_tests/auth_tests/test_passwordreset_reset.py::test_invalid_password PASSED [ 12%]
http_tests/channel_tests/test_channel_addowner.py::test_channel_owner_can_addowner_when_member PASSED [ 12%]
http_tests/channel_tests/test_channel_addowner.py::test_global_owner_member_can_addowner PASSED [ 13%]
http_tests/channel_tests/test_channel_addowner.py::test_channel_owner_cant_addowner_when_non_member PASSED [ 13%]
http_tests/channel_tests/test_channel_addowner.py::test_non_member_cannot_add_owner PASSED [ 13%]
http_tests/channel_tests/test_channel_addowner.py::test_global_owner_non_member_cant_addowner_private PASSED [ 13%]
http_tests/channel_tests/test_channel_addowner.py::test_global_owner_non_member_cant_addowner_public PASSED [ 14%]
http_tests/channel_tests/test_channel_addowner.py::test_member_cannot_add_owner PASSED [ 14%]
http_tests/channel_tests/test_channel_addowner.py::test_cannot_addowner_prexisting_channel_owner PASSED [ 14%]
http_tests/channel_tests/test_channel_addowner.py::test_with_invalid_u_id PASSED [ 15%]
http_tests/channel_tests/test_channel_addowner.py::test_with_invalid_channel_id PASSED [ 15%]
http_tests/channel_tests/test_channel_addowner.py::test_invalid_token PASSED [ 15%]
http_tests/channel_tests/test_channel_details.py::test_member_successful PASSED [ 15%]
http_tests/channel_tests/test_channel_details.py::test_non_member_not_successful PASSED [ 16%]
http_tests/channel_tests/test_channel_details.py::test_invalid_channel_id PASSED [ 16%]
http_tests/channel_tests/test_channel_details.py::test_invalid_token PASSED [ 16%]
http_tests/channel_tests/test_channel_invite.py::test_duplicate_invite PASSED [ 16%]
http_tests/channel_tests/test_channel_invite.py::test_invite_global_owner PASSED [ 17%]
http_tests/channel_tests/test_channel_invite.py::test_invite_global_member PASSED [ 17%]
http_tests/channel_tests/test_channel_invite.py::test_invitation_from_non_channel_member PASSED [ 17%]
http_tests/channel_tests/test_channel_invite.py::test_channel_id_invalid PASSED [ 18%]
http_tests/channel_tests/test_channel_invite.py::test_u_id_invalid PASSED [ 18%]
http_tests/channel_tests/test_channel_invite.py::test_invalidated_token PASSED [ 18%]
http_tests/channel_tests/test_channel_join.py::test_global_owner_join_channel_public PASSED [ 18%]
http_tests/channel_tests/test_channel_join.py::test_global_owner_join_channel_private PASSED [ 19%]
http_tests/channel_tests/test_channel_join.py::test_global_member_join_public PASSED [ 19%]
http_tests/channel_tests/test_channel_join.py::test_global_member_cant_join_private PASSED [ 19%]
http_tests/channel_tests/test_channel_join.py::test_already_joined_channel PASSED [ 20%]
http_tests/channel_tests/test_channel_join.py::test_join_invalid_channel_id PASSED [ 20%]
http_tests/channel_tests/test_channel_join.py::test_invalidated_token PASSED [ 20%]
http_tests/channel_tests/test_channel_leave.py::test_member_leave_channel_successfully PASSED [ 20%]
http_tests/channel_tests/test_channel_leave.py::test_leave_channel_when_not_member PASSED [ 21%]
http_tests/channel_tests/test_channel_leave.py::test_invalid_channel_id PASSED [ 21%]
http_tests/channel_tests/test_channel_leave.py::test_invalid_token PASSED [ 21%]
http_tests/channel_tests/test_channel_messages.py::test_message_timestamp PASSED [ 22%]
http_tests/channel_tests/test_channel_messages.py::test_under_fifty_messages_sent PASSED [ 22%]
http_tests/channel_tests/test_channel_messages.py::test_over_fifty_messages_sent PASSED [ 22%]
http_tests/channel_tests/test_channel_messages.py::test_removal_by_edit_reflected PASSED [ 22%]
http_tests/channel_tests/test_channel_messages.py::test_removal_by_deletion_reflected PASSED [ 23%]
http_tests/channel_tests/test_channel_messages.py::test_input_error_when_start_greater_than_message_num PASSED [ 23%]
http_tests/channel_tests/test_channel_messages.py::test_access_error_when_user_is_non_member PASSED [ 23%]
http_tests/channel_tests/test_channel_messages.py::test_input_error_when_channel_id_invalid PASSED [ 23%]
http_tests/channel_tests/test_channel_messages.py::test_access_error_when_invalid_token_given PASSED [ 24%]
http_tests/channel_tests/test_channel_removeowner.py::test_owner_can_remove_owner PASSED [ 24%]
http_tests/channel_tests/test_channel_removeowner.py::test_global_owner_member_can_remove_owner PASSED [ 24%]
http_tests/channel_tests/test_channel_removeowner.py::test_global_owner_nonmember_cannot_remove_owner PASSED [ 25%]
http_tests/channel_tests/test_channel_removeowner.py::test_nonmember_cannot_remove_owner PASSED [ 25%]
http_tests/channel_tests/test_channel_removeowner.py::test_member_cannot_remove_owner PASSED [ 25%]
http_tests/channel_tests/test_channel_removeowner.py::test_cannot_remove_last_owner PASSED [ 25%]
http_tests/channel_tests/test_channel_removeowner.py::test_global_owner_cannot_remove_only_owner PASSED [ 26%]
http_tests/channel_tests/test_channel_removeowner.py::test_cannot_remove_non_owner PASSED [ 26%]
http_tests/channel_tests/test_channel_removeowner.py::test_invalid_u_id PASSED [ 26%]
http_tests/channel_tests/test_channel_removeowner.py::test_with_invalid_channel_id PASSED [ 27%]
http_tests/channel_tests/test_channel_removeowner.py::test_invalidated_token PASSED [ 27%]
http_tests/channels_tests/test_channels_create.py::test_create_channel[True-andys room] PASSED [ 27%]
http_tests/channels_tests/test_channels_create.py::test_create_channel[False-andys room] PASSED [ 27%]
http_tests/channels_tests/test_channels_create.py::test_invalid_channel_name_length[True-] PASSED [ 28%]
http_tests/channels_tests/test_channels_create.py::test_invalid_channel_name_length[True-I AM NOT A TOY AND ALSO THIS NAME IS TOO LONG] PASSED [ 28%]
http_tests/channels_tests/test_channels_create.py::test_invalid_channel_name_length[False-] PASSED [ 28%]
http_tests/channels_tests/test_channels_create.py::test_invalid_channel_name_length[False-I AM NOT A TOY AND ALSO THIS NAME IS TOO LONG] PASSED [ 28%]
http_tests/channels_tests/test_channels_create.py::test_invalidated_token PASSED [ 29%]
http_tests/channels_tests/test_channels_list.py::test_when_in_no_channels PASSED [ 29%]
http_tests/channels_tests/test_channels_list.py::test_when_in_one_channel[True-andy] PASSED [ 29%]
http_tests/channels_tests/test_channels_list.py::test_when_in_one_channel[False-andy] PASSED [ 30%]
http_tests/channels_tests/test_channels_list.py::test_when_in_multiple_channels[False-True-ZERG-andy] PASSED [ 30%]
http_tests/channels_tests/test_channels_list.py::test_when_in_multiple_channels[False-False-ZERG-andy] PASSED [ 30%]
http_tests/channels_tests/test_channels_list.py::test_when_in_multiple_channels[True-True-ZERG-andy] PASSED [ 30%]
http_tests/channels_tests/test_channels_list.py::test_when_in_multiple_channels[True-False-ZERG-andy] PASSED [ 31%]
http_tests/channels_tests/test_channels_list.py::test_list_after_leave_channel PASSED [ 31%]
http_tests/channels_tests/test_channels_list.py::test_invalidated_token PASSED [ 31%]
http_tests/channels_tests/test_channels_listall.py::test_when_no_channels PASSED [ 32%]
http_tests/channels_tests/test_channels_listall.py::test_when_one_channel_exists_private PASSED [ 32%]
http_tests/channels_tests/test_channels_listall.py::test_when_one_channel_exists_public PASSED [ 32%]
http_tests/channels_tests/test_channels_listall.py::test_when_multiple_channels_exist PASSED [ 32%]
http_tests/channels_tests/test_channels_listall.py::test_invalidated_token PASSED [ 33%]
http_tests/dm_tests/test_dm_create.py::test_successful_dm_creation PASSED [ 33%]
http_tests/dm_tests/test_dm_create.py::test_dm_name_creation_single PASSED [ 33%]
http_tests/dm_tests/test_dm_create.py::test_dm_name_creation_multiple PASSED [ 33%]
http_tests/dm_tests/test_dm_create.py::test_dm_to_invalid_users PASSED   [ 34%]
http_tests/dm_tests/test_dm_create.py::test_dm_to_users_but_one_invalid PASSED [ 34%]
http_tests/dm_tests/test_dm_create.py::test_invalid_token PASSED         [ 34%]
http_tests/dm_tests/test_dm_details.py::test_member_successful PASSED    [ 35%]
http_tests/dm_tests/test_dm_details.py::test_non_member_not_successful PASSED [ 35%]
http_tests/dm_tests/test_dm_details.py::test_invalid_dm_id PASSED        [ 35%]
http_tests/dm_tests/test_dm_details.py::test_invalid_token PASSED        [ 35%]
http_tests/dm_tests/test_dm_leave.py::test_member_leave_dm_successfully PASSED [ 36%]
http_tests/dm_tests/test_dm_leave.py::test_leave_dm_when_not_member PASSED [ 36%]
http_tests/dm_tests/test_dm_leave.py::test_invalid_dm_id PASSED          [ 36%]
http_tests/dm_tests/test_dm_leave.py::test_invalid_token PASSED          [ 37%]
http_tests/dm_tests/test_dm_list.py::test_when_in_no_dms PASSED          [ 37%]
http_tests/dm_tests/test_dm_list.py::test_when_in_one_dm PASSED          [ 37%]
http_tests/dm_tests/test_dm_list.py::test_when_in_multiple_dms PASSED    [ 37%]
http_tests/dm_tests/test_dm_list.py::test_list_after_leave_dm PASSED     [ 38%]
http_tests/dm_tests/test_dm_list.py::test_invalidated_token PASSED       [ 38%]
http_tests/dm_tests/test_dm_messages.py::test_under_fifty_messages_sent PASSED [ 38%]
http_tests/dm_tests/test_dm_messages.py::test_over_fifty_messages_sent PASSED [ 38%]
http_tests/dm_tests/test_dm_messages.py::test_removal_by_edit_reflected PASSED [ 39%]
http_tests/dm_tests/test_dm_messages.py::test_removal_by_deletion_reflected PASSED [ 39%]
http_tests/dm_tests/test_dm_messages.py::test_input_error_when_start_greater_than_message_num PASSED [ 39%]
http_tests/dm_tests/test_dm_messages.py::test_access_error_when_user_is_non_member PASSED [ 40%]
http_tests/dm_tests/test_dm_messages.py::test_input_error_when_dm_id_invalid PASSED [ 40%]
http_tests/dm_tests/test_dm_messages.py::test_access_error_when_invalid_token_given PASSED [ 40%]
http_tests/dm_tests/test_dm_remove.py::test_successful_dm_removal PASSED [ 40%]
http_tests/dm_tests/test_dm_remove.py::test_removal_removes_messages PASSED [ 41%]
http_tests/dm_tests/test_dm_remove.py::test_nonowner_cannot_remove_dm PASSED [ 41%]
http_tests/dm_tests/test_dm_remove.py::test_invalid_dm_id PASSED         [ 41%]
http_tests/dm_tests/test_dm_remove.py::test_invalid_token PASSED         [ 42%]
http_tests/message_tests/test_message_edit.py::test_original_poster_can_edit_message_channel PASSED [ 42%]
http_tests/message_tests/test_message_edit.py::test_original_poster_can_edit_message_dm PASSED [ 42%]
http_tests/message_tests/test_message_edit.py::test_owner_can_edit_members_message_channel PASSED [ 42%]
http_tests/message_tests/test_message_edit.py::test_owner_can_edit_members_message_dm PASSED [ 43%]
http_tests/message_tests/test_message_edit.py::test_global_owner_can_edit_members_message_channel PASSED [ 43%]
http_tests/message_tests/test_message_edit.py::test_global_owner_cant_edit_members_message_dm PASSED [ 43%]
http_tests/message_tests/test_message_edit.py::test_empty_edit_deletes_message PASSED [ 44%]
http_tests/message_tests/test_message_edit.py::test_invalid_message_length PASSED [ 44%]
http_tests/message_tests/test_message_edit.py::test_cannot_edit_deleted_message PASSED [ 44%]
http_tests/message_tests/test_message_edit.py::test_nonowner_nonposter_cant_edit PASSED [ 44%]
http_tests/message_tests/test_message_edit.py::test_invalid_token PASSED [ 45%]
http_tests/message_tests/test_message_meta.py::test_message_ids_unique PASSED [ 45%]
http_tests/message_tests/test_message_meta.py::test_message_ids_unique_iter3 PASSED [ 45%]
http_tests/message_tests/test_message_pin.py::test_successful_pin_channel_owner_in_channel PASSED [ 45%]
http_tests/message_tests/test_message_pin.py::test_successful_pin_dm_owner_in_dm PASSED [ 46%]
http_tests/message_tests/test_message_pin.py::test_successful_pin_global_owner_in_channel PASSED [ 46%]
http_tests/message_tests/test_message_pin.py::test_invalid_message_id FAILED [ 46%]
http_tests/message_tests/test_message_pin.py::test_cannot_pin_twice PASSED [ 47%]
http_tests/message_tests/test_message_pin.py::test_channel_member_cant_pin PASSED [ 47%]
http_tests/message_tests/test_message_pin.py::test_dm_member_cant_pin PASSED [ 47%]
http_tests/message_tests/test_message_pin.py::test_global_owner_cant_pin_in_dm PASSED [ 47%]
http_tests/message_tests/test_message_pin.py::test_nonmember_cant_pin FAILED [ 48%]
http_tests/message_tests/test_message_pin.py::test_invalid_token PASSED  [ 48%]
http_tests/message_tests/test_message_react.py::test_successful_react_in_channel FAILED [ 48%]
http_tests/message_tests/test_message_react.py::test_successful_react_to_dm_message FAILED [ 49%]
http_tests/message_tests/test_message_react.py::test_invalid_message_id PASSED [ 49%]
http_tests/message_tests/test_message_react.py::test_invalid_react_id PASSED [ 49%]
http_tests/message_tests/test_message_react.py::test_cant_react_twice PASSED [ 49%]
http_tests/message_tests/test_message_react.py::test_nonmember_cannot_react FAILED [ 50%]
http_tests/message_tests/test_message_react.py::test_invalid_token PASSED [ 50%]
http_tests/message_tests/test_message_remove.py::test_original_poster_can_remove_message PASSED [ 50%]
http_tests/message_tests/test_message_remove.py::test_owner_can_remove_members_message PASSED [ 50%]
http_tests/message_tests/test_message_remove.py::test_global_owner_can_remove_members_message_channel PASSED [ 51%]
http_tests/message_tests/test_message_remove.py::test_global_owner_cant_remove_members_message_dm PASSED [ 51%]
http_tests/message_tests/test_message_remove.py::test_cannot_remove_deleted_message PASSED [ 51%]
http_tests/message_tests/test_message_remove.py::test_nonowner_nonposter_cant_remove_message PASSED [ 52%]
http_tests/message_tests/test_message_remove.py::test_invalid_token PASSED [ 52%]
http_tests/message_tests/test_message_send.py::test_valid_message PASSED [ 52%]
http_tests/message_tests/test_message_send.py::test_nonmember_post PASSED [ 52%]
http_tests/message_tests/test_message_send.py::test_invalid_channel PASSED [ 53%]
http_tests/message_tests/test_message_send.py::test_invalid_message[] PASSED [ 53%]
http_tests/message_tests/test_message_send.py::test_invalid_message[mmmmmmmmmmmmmmmmmmmmmmmmmmmmmmmmmmmmmmmmmmmmmmmmmmmmmmmmmmmmmmmmmmmmmmmmmmmmmmmmmmmmmmmmmmmmmmmmmmmmmmmmmmmmmmmmmmmmmmmmmmmmmmmmmmmmmmmmmmmmmmmmmmmmmmmmmmmmmmmmmmmmmmmmmmmmmmmmmmmmmmmmmmmmmmmmmmmmmmmmmmmmmmmmmmmmmmmmmmmmmmmmmmmmmmmmmmmmmmmmmmmmmmmmmmmmmmmmmmmmmmmmmmmmmmmmmmmmmmmmmmmmmmmmmmmmmmmmmmmmmmmmmmmmmmmmmmmmmmmmmmmmmmmmmmmmmmmmmmmmmmmmmmmmmmmmmmmmmmmmmmmmmmmmmmmmmmmmmmmmmmmmmmmmmmmmmmmmmmmmmmmmmmmmmmmmmmmmmmmmmmmmmmmmmmmmmmmmmmmmmmmmmmmmmmmmmmmmmmmmmmmmmmmmmmmmmmmmmmmmmmmmmmmmmmmmmmmmmmmmmmmmmmmmmmmmmmmmmmmmmmmmmmmmmmmmmmmmmmmmmmmmmmmmmmmmmmmmmmmmmmmmmmmmmmmmmmmmmmmmmmmmmmmmmmmmmmmmmmmmmmmmmmmmmmmmmmmmmmmmmmmmmmmmmmmmmmmmmmmmmmmmmmmmmmmmmmmmmmmmmmmmmmmmmmmmmmmmmmmmmmmmmmmmmmmmmmmmmmmmmmmmmmmmmmmmmmmmmmmmmmmmmmmmmmmmmmmmmmmmmmmmmmmmmmmmmmmmmmmmmmmmmmmmmmmmmmmmmmmmmmmmmmmmmmmmmmmmmmmmmmmmmmmmmmmmmmmmmmmmmmmmmmmmmmmmmmmmmmmmmmmmmmmmmmmmmmmmmmmmmmmmmmmmmmmmmmmmmmmmmmmmmmmmmmmmmmmmmmmmmmmmmmmmmmmmmmmmmmmmmmmmmmmmmmmmmmmmmmmmmmmmmmmmmmmmmmmmmmmmmmmmmmmmmmmmmmmmmmmmmmmmmmmmmmmmmmmmmmmmm] PASSED [ 53%]
http_tests/message_tests/test_message_send.py::test_invalid_token PASSED [ 54%]
http_tests/message_tests/test_message_senddm.py::test_valid_message PASSED [ 54%]
http_tests/message_tests/test_message_senddm.py::test_nonmember_post PASSED [ 54%]
http_tests/message_tests/test_message_senddm.py::test_invalid_dm PASSED  [ 54%]
http_tests/message_tests/test_message_senddm.py::test_invalid_message[] PASSED [ 55%]
http_tests/message_tests/test_message_senddm.py::test_invalid_message[mmmmmmmmmmmmmmmmmmmmmmmmmmmmmmmmmmmmmmmmmmmmmmmmmmmmmmmmmmmmmmmmmmmmmmmmmmmmmmmmmmmmmmmmmmmmmmmmmmmmmmmmmmmmmmmmmmmmmmmmmmmmmmmmmmmmmmmmmmmmmmmmmmmmmmmmmmmmmmmmmmmmmmmmmmmmmmmmmmmmmmmmmmmmmmmmmmmmmmmmmmmmmmmmmmmmmmmmmmmmmmmmmmmmmmmmmmmmmmmmmmmmmmmmmmmmmmmmmmmmmmmmmmmmmmmmmmmmmmmmmmmmmmmmmmmmmmmmmmmmmmmmmmmmmmmmmmmmmmmmmmmmmmmmmmmmmmmmmmmmmmmmmmmmmmmmmmmmmmmmmmmmmmmmmmmmmmmmmmmmmmmmmmmmmmmmmmmmmmmmmmmmmmmmmmmmmmmmmmmmmmmmmmmmmmmmmmmmmmmmmmmmmmmmmmmmmmmmmmmmmmmmmmmmmmmmmmmmmmmmmmmmmmmmmmmmmmmmmmmmmmmmmmmmmmmmmmmmmmmmmmmmmmmmmmmmmmmmmmmmmmmmmmmmmmmmmmmmmmmmmmmmmmmmmmmmmmmmmmmmmmmmmmmmmmmmmmmmmmmmmmmmmmmmmmmmmmmmmmmmmmmmmmmmmmmmmmmmmmmmmmmmmmmmmmmmmmmmmmmmmmmmmmmmmmmmmmmmmmmmmmmmmmmmmmmmmmmmmmmmmmmmmmmmmmmmmmmmmmmmmmmmmmmmmmmmmmmmmmmmmmmmmmmmmmmmmmmmmmmmmmmmmmmmmmmmmmmmmmmmmmmmmmmmmmmmmmmmmmmmmmmmmmmmmmmmmmmmmmmmmmmmmmmmmmmmmmmmmmmmmmmmmmmmmmmmmmmmmmmmmmmmmmmmmmmmmmmmmmmmmmmmmmmmmmmmmmmmmmmmmmmmmmmmmmmmmmmmmmmmmmmmmmmmmmmmmmmmmmmmmmmmmmmmmmmmmmmmmmmmmmmmmmmmmmmmmmmmmmmmmmmmmmmmmmmmmmmmmmmmm] PASSED [ 55%]
http_tests/message_tests/test_message_senddm.py::test_invalid_token PASSED [ 55%]
http_tests/message_tests/test_message_sendlater.py::test_valid_future_message PASSED [ 55%]
http_tests/message_tests/test_message_sendlater.py::test_returns_immediately FAILED [ 56%]
http_tests/message_tests/test_message_sendlater.py::test_nonmember_cannot_sendlater PASSED [ 56%]
http_tests/message_tests/test_message_sendlater.py::test_cannot_time_travel_aka_send_message_in_past PASSED [ 56%]
http_tests/message_tests/test_message_sendlater.py::test_message_too_long PASSED [ 57%]
http_tests/message_tests/test_message_sendlater.py::test_invalid_channel PASSED [ 57%]
http_tests/message_tests/test_message_sendlater.py::test_invalid_token PASSED [ 57%]
http_tests/message_tests/test_message_sendlaterdm.py::test_valid_future_message PASSED [ 57%]
http_tests/message_tests/test_message_sendlaterdm.py::test_returns_immediately FAILED [ 58%]
http_tests/message_tests/test_message_sendlaterdm.py::test_nonmember_cannot_sendlater PASSED [ 58%]
http_tests/message_tests/test_message_sendlaterdm.py::test_cannot_time_travel_aka_send_message_in_past PASSED [ 58%]
http_tests/message_tests/test_message_sendlaterdm.py::test_message_too_long PASSED [ 59%]
http_tests/message_tests/test_message_sendlaterdm.py::test_invalid_dm PASSED [ 59%]
http_tests/message_tests/test_message_sendlaterdm.py::test_invalid_token PASSED [ 59%]
http_tests/message_tests/test_message_share.py::test_successful_share_to_channel PASSED [ 59%]
http_tests/message_tests/test_message_share.py::test_successful_share_to_dm PASSED [ 60%]
http_tests/message_tests/test_message_share.py::test_successful_cross_share[True] PASSED [ 60%]
http_tests/message_tests/test_message_share.py::test_successful_cross_share[False] PASSED [ 60%]
http_tests/message_tests/test_message_share.py::test_cannot_share_to_unjoined_dm PASSED [ 61%]
http_tests/message_tests/test_message_share.py::test_cannot_share_to_unjoined_channel PASSED [ 61%]
http_tests/message_tests/test_message_share.py::test_cannot_share_from_unjoined_channel FAILED [ 61%]
http_tests/message_tests/test_message_share.py::test_cannot_share_from_unjoined_dm PASSED [ 61%]
http_tests/message_tests/test_message_share.py::test_invalid_og_message_id PASSED [ 62%]
http_tests/message_tests/test_message_share.py::test_invalid_message_length PASSED [ 62%]
http_tests/message_tests/test_message_share.py::test_share_to_invalid_channel_id PASSED [ 62%]
http_tests/message_tests/test_message_share.py::test_share_to_invalid_dm_id PASSED [ 62%]
http_tests/message_tests/test_message_share.py::test_invalid_token PASSED [ 63%]
http_tests/message_tests/test_message_unpin.py::test_successful_unpin_channel_owner_in_channel PASSED [ 63%]
http_tests/message_tests/test_message_unpin.py::test_successful_unpin_dm_owner_in_dm PASSED [ 63%]
http_tests/message_tests/test_message_unpin.py::test_successful_unpin_global_owner_in_channel PASSED [ 64%]
http_tests/message_tests/test_message_unpin.py::test_invalid_message_id PASSED [ 64%]
http_tests/message_tests/test_message_unpin.py::test_cannot_unpin_twice PASSED [ 64%]
http_tests/message_tests/test_message_unpin.py::test_channel_member_cant_unpin PASSED [ 64%]
http_tests/message_tests/test_message_unpin.py::test_dm_member_cant_unpin PASSED [ 65%]
http_tests/message_tests/test_message_unpin.py::test_global_owner_cant_unpin_in_dm PASSED [ 65%]
http_tests/message_tests/test_message_unpin.py::test_nonmember_cant_unpin FAILED [ 65%]
http_tests/message_tests/test_message_unpin.py::test_invalid_token PASSED [ 66%]
http_tests/message_tests/test_message_unreact.py::test_successful_unreact_in_channel PASSED [ 66%]
http_tests/message_tests/test_message_unreact.py::test_successful_unreact_to_dm_message PASSED [ 66%]
http_tests/message_tests/test_message_unreact.py::test_invalid_message_id PASSED [ 66%]
http_tests/message_tests/test_message_unreact.py::test_invalid_react_id PASSED [ 67%]
http_tests/message_tests/test_message_unreact.py::test_cant_unreact_twice PASSED [ 67%]
http_tests/message_tests/test_message_unreact.py::test_nonmember_cannot_unreact PASSED [ 67%]
http_tests/message_tests/test_message_unreact.py::test_invalid_token PASSED [ 67%]
http_tests/other_tests/test_clear.py::test_clear_works PASSED            [ 68%]
http_tests/other_tests/test_notifications_get.py::test_tag_thru_message_send_triggers_notification PASSED [ 68%]
http_tests/other_tests/test_notifications_get.py::test_tag_thru_message_senddm_triggers_notification PASSED [ 68%]
http_tests/other_tests/test_notifications_get.py::test_tag_thru_message_edit_triggers_notification FAILED [ 69%]
http_tests/other_tests/test_notifications_get.py::test_tag_thru_message_share_triggers_notification PASSED [ 69%]
http_tests/other_tests/test_notifications_get.py::test_tag_thru_message_sendlater_triggers_notification FAILED [ 69%]
http_tests/other_tests/test_notifications_get.py::test_tag_thru_message_sendlaterdm_triggers_notification FAILED [ 69%]
http_tests/other_tests/test_notifications_get.py::test_tag_notification_message_preview_length[a small message] PASSED [ 70%]
http_tests/other_tests/test_notifications_get.py::test_tag_notification_message_preview_length[AAAAAAAAAAAAAAAAAAAAAAAAAAAAAAAAAAAAAAAAAAAAAAAAAAAAAAAAAAAAAAAAAAAAAAAAAAAAAAAAAAAAAAAAAAAAAAAAAAAAAAAAAAAAAAAAAAAAAAAAAAAAAAAAAAAAAAAAAAAAAAAAAAAAAAAAAAAAAAAAAAAAAAAAAAAAAAAAAAAAAAAAAAAAAAAAAAAAAAAAAAAAAAAAAAAAAAAAAAAAAAAAAAAAAAAAAAAAAAAAAAAAAAAAAAAAAAAAAAAAAAAAAAAAAAAAAAAAAAAAAAAAAAAAAAAAAAAAAAAAAAAAAAAAAAAAAAAAAAAAAAAAAAAAAAAAAAAAAAAAAAAAAAAAAA] PASSED [ 70%]
http_tests/other_tests/test_notifications_get.py::test_react_triggers_notification[ch] PASSED [ 70%]
http_tests/other_tests/test_notifications_get.py::test_react_triggers_notification[dm] PASSED [ 71%]
http_tests/other_tests/test_notifications_get.py::test_add_thru_ch_invite_triggers_notification PASSED [ 71%]
http_tests/other_tests/test_notifications_get.py::test_add_thru_dm_create_triggers_notification PASSED [ 71%]
http_tests/other_tests/test_notifications_get.py::test_most_recent_20_notifications_fetched PASSED [ 71%]
http_tests/other_tests/test_notifications_get.py::test_invalid_token PASSED [ 72%]
http_tests/other_tests/test_search.py::test_no_matches PASSED            [ 72%]
http_tests/other_tests/test_search.py::test_single_match PASSED          [ 72%]
http_tests/other_tests/test_search.py::test_multiple_matches PASSED      [ 72%]
http_tests/other_tests/test_search.py::test_multiple_channels_joined PASSED [ 73%]
http_tests/other_tests/test_search.py::test_search_includes_only_joined_channels PASSED [ 73%]
http_tests/other_tests/test_search.py::test_search_matches_more_than_just_authorised_user PASSED [ 73%]
http_tests/other_tests/test_search.py::test_invalid_search[] PASSED      [ 74%]
http_tests/other_tests/test_search.py::test_invalid_search[aaaaaaaaaaaaaaaaaaaaaaaaaaaaaaaaaaaaaaaaaaaaaaaaaaaaaaaaaaaaaaaaaaaaaaaaaaaaaaaaaaaaaaaaaaaaaaaaaaaaaaaaaaaaaaaaaaaaaaaaaaaaaaaaaaaaaaaaaaaaaaaaaaaaaaaaaaaaaaaaaaaaaaaaaaaaaaaaaaaaaaaaaaaaaaaaaaaaaaaaaaaaaaaaaaaaaaaaaaaaaaaaaaaaaaaaaaaaaaaaaaaaaaaaaaaaaaaaaaaaaaaaaaaaaaaaaaaaaaaaaaaaaaaaaaaaaaaaaaaaaaaaaaaaaaaaaaaaaaaaaaaaaaaaaaaaaaaaaaaaaaaaaaaaaaaaaaaaaaaaaaaaaaaaaaaaaaaaaaaaaaaaaaaaaaaaaaaaaaaaaaaaaaaaaaaaaaaaaaaaaaaaaaaaaaaaaaaaaaaaaaaaaaaaaaaaaaaaaaaaaaaaaaaaaaaaaaaaaaaaaaaaaaaaaaaaaaaaaaaaaaaaaaaaaaaaaaaaaaaaaaaaaaaaaaaaaaaaaaaaaaaaaaaaaaaaaaaaaaaaaaaaaaaaaaaaaaaaaaaaaaaaaaaaaaaaaaaaaaaaaaaaaaaaaaaaaaaaaaaaaaaaaaaaaaaaaaaaaaaaaaaaaaaaaaaaaaaaaaaaaaaaaaaaaaaaaaaaaaaaaaaaaaaaaaaaaaaaaaaaaaaaaaaaaaaaaaaaaaaaaaaaaaaaaaaaaaaaaaaaaaaaaaaaaaaaaaaaaaaaaaaaaaaaaaaaaaaaaaaaaaaaaaaaaaaaaaaaaaaaaaaaaaaaaaaaaaaaaaaaaaaaaaaaaaaaaaaaaaaaaaaaaaaaaaaaaaaaaaaaaaaaaaaaaaaaaaaaaaaaaaaaaaaaaaaaaaaaaaaaaaaaaaaaaaaaaaaaaaaaaaaaaaaaaaaaaaaaaaaaaaaaaaaaaaaaaaaaaaaaaaaaaaaaaaaaaaaaaaaaaaaaaaaaaaaaaaaaaaaaa] PASSED [ 74%]
http_tests/other_tests/test_search.py::test_invalid_token PASSED         [ 74%]
http_tests/other_tests/test_users_all.py::test_successful_users_all PASSED [ 74%]
http_tests/other_tests/test_users_all.py::test_invalid_token PASSED      [ 75%]
http_tests/standup_tests/test_standup_active.py::test_correct_return_format[True] FAILED [ 75%]
http_tests/standup_tests/test_standup_active.py::test_correct_return_format[False] PASSED [ 75%]
http_tests/standup_tests/test_standup_active.py::test_active_standup PASSED [ 76%]
http_tests/standup_tests/test_standup_active.py::test_inactive_standup PASSED [ 76%]
http_tests/standup_tests/test_standup_active.py::test_invalid_channel_id PASSED [ 76%]
http_tests/standup_tests/test_standup_active.py::test_invalid_token PASSED [ 76%]
http_tests/standup_tests/test_standup_send.py::test_messages_buffered_and_displayed_correctly FAILED [ 77%]
http_tests/standup_tests/test_standup_send.py::test_return_format PASSED [ 77%]
http_tests/standup_tests/test_standup_send.py::test_non_member_cannot_standup_send PASSED [ 77%]
http_tests/standup_tests/test_standup_send.py::test_send_when_standup_inactive PASSED [ 77%]
http_tests/standup_tests/test_standup_send.py::test_invalid_message_length PASSED [ 78%]
http_tests/standup_tests/test_standup_send.py::test_invalid_channel_id PASSED [ 78%]
http_tests/standup_tests/test_standup_send.py::test_invalid_token PASSED [ 78%]
http_tests/standup_tests/test_standup_start.py::test_standup_start_return_format FAILED [ 79%]
http_tests/standup_tests/test_standup_start.py::test_returns_immediately PASSED [ 79%]
http_tests/standup_tests/test_standup_start.py::test_standup_restartable_after_lapse PASSED [ 79%]
http_tests/standup_tests/test_standup_start.py::test_standup_affects_only_one_channel PASSED [ 79%]
http_tests/standup_tests/test_standup_start.py::test_nonmember_cannot_start_standup PASSED [ 80%]
http_tests/standup_tests/test_standup_start.py::test_cannot_start_standup_when_already_active PASSED [ 80%]
http_tests/standup_tests/test_standup_start.py::test_invalid_standup_length PASSED [ 80%]
http_tests/standup_tests/test_standup_start.py::test_invalid_channel_id PASSED [ 81%]
http_tests/standup_tests/test_standup_start.py::test_invalid_token PASSED [ 81%]
http_tests/stats_tests/test_user_stats.py::test_return_type_correct PASSED [ 81%]
http_tests/stats_tests/test_user_stats.py::test_channels_tracked_channels_create PASSED [ 81%]
http_tests/stats_tests/test_user_stats.py::test_channels_tracked_channel_join PASSED [ 82%]
http_tests/stats_tests/test_user_stats.py::test_channels_tracked_channel_invite FAILED [ 82%]
http_tests/stats_tests/test_user_stats.py::test_channels_tracked_channel_leave PASSED [ 82%]
http_tests/stats_tests/test_user_stats.py::test_dms_tracked_dm_create PASSED [ 83%]
http_tests/stats_tests/test_user_stats.py::test_dms_tracked_dm_leave PASSED [ 83%]
http_tests/stats_tests/test_user_stats.py::test_dms_tracked_dm_remove PASSED [ 83%]
http_tests/stats_tests/test_user_stats.py::test_messages_tracked_message_send PASSED [ 83%]
http_tests/stats_tests/test_user_stats.py::test_messages_tracked_message_sendlater PASSED [ 84%]
http_tests/stats_tests/test_user_stats.py::test_messages_tracked_message_senddm PASSED [ 84%]
http_tests/stats_tests/test_user_stats.py::test_messages_tracked_message_senddmlater PASSED [ 84%]
http_tests/stats_tests/test_user_stats.py::test_messages_tracked_message_share PASSED [ 84%]
http_tests/stats_tests/test_user_stats.py::test_messages_tracked_standup_finish FAILED [ 85%]
http_tests/stats_tests/test_user_stats.py::test_involvement_tracked PASSED [ 85%]
http_tests/stats_tests/test_user_stats.py::test_invalid_token PASSED     [ 85%]
http_tests/stats_tests/test_users_stats.py::test_return_type_correct PASSED [ 86%]
http_tests/stats_tests/test_users_stats.py::test_channels_tracked_channels_create PASSED [ 86%]
http_tests/stats_tests/test_users_stats.py::test_dms_tracked_dm_create PASSED [ 86%]
http_tests/stats_tests/test_users_stats.py::test_dms_tracked_dm_remove PASSED [ 86%]
http_tests/stats_tests/test_users_stats.py::test_messages_tracked_message_send PASSED [ 87%]
http_tests/stats_tests/test_users_stats.py::test_messages_tracked_message_sendlater PASSED [ 87%]
http_tests/stats_tests/test_users_stats.py::test_messages_tracked_message_senddm PASSED [ 87%]
http_tests/stats_tests/test_users_stats.py::test_messages_tracked_message_senddmlater PASSED [ 88%]
http_tests/stats_tests/test_users_stats.py::test_messages_tracked_message_share PASSED [ 88%]
http_tests/stats_tests/test_users_stats.py::test_messages_tracked_standup_finish FAILED [ 88%]
http_tests/stats_tests/test_users_stats.py::test_messages_tracked_edited_to_removal PASSED [ 88%]
http_tests/stats_tests/test_users_stats.py::test_messages_tracked_deleted PASSED [ 89%]
http_tests/stats_tests/test_users_stats.py::test_messages_tracked_dm_removed PASSED [ 89%]
http_tests/stats_tests/test_users_stats.py::test_utilization_tracked PASSED [ 89%]
http_tests/stats_tests/test_users_stats.py::test_invalid_token PASSED    [ 89%]
http_tests/user_tests/test_user_profile.py::test_user_profile_valid PASSED [ 90%]
http_tests/user_tests/test_user_profile.py::test_invalid_user PASSED     [ 90%]
http_tests/user_tests/test_user_profile.py::test_invalid_token PASSED    [ 90%]
http_tests/user_tests/test_user_profile_setemail.py::test_successful_email_change PASSED [ 91%]
http_tests/user_tests/test_user_profile_setemail.py::test_cannot_change_to_taken_email PASSED [ 91%]
http_tests/user_tests/test_user_profile_setemail.py::test_invalid_email[] PASSED [ 91%]
http_tests/user_tests/test_user_profile_setemail.py::test_invalid_email[bob] PASSED [ 91%]
http_tests/user_tests/test_user_profile_setemail.py::test_invalid_email[ab.com] PASSED [ 92%]
http_tests/user_tests/test_user_profile_setemail.py::test_invalid_email[@gmail.com] PASSED [ 92%]
http_tests/user_tests/test_user_profile_setemail.py::test_invalid_email[ab@ab@gmail.com] PASSED [ 92%]
http_tests/user_tests/test_user_profile_setemail.py::test_invalid_token PASSED [ 93%]
http_tests/user_tests/test_user_profile_sethandle.py::test_successful_handle_change PASSED [ 93%]
http_tests/user_tests/test_user_profile_sethandle.py::test_cannot_change_to_taken_handle PASSED [ 93%]
http_tests/user_tests/test_user_profile_sethandle.py::test_invalid_handle[] PASSED [ 93%]
http_tests/user_tests/test_user_profile_sethandle.py::test_invalid_handle[a] PASSED [ 94%]
http_tests/user_tests/test_user_profile_sethandle.py::test_invalid_handle[aa] PASSED [ 94%]
http_tests/user_tests/test_user_profile_sethandle.py::test_invalid_handle[aaaaaaaaaaaaaaaaaaaaa] PASSED [ 94%]
http_tests/user_tests/test_user_profile_sethandle.py::test_invalid_handle[new handle] PASSED [ 94%]
http_tests/user_tests/test_user_profile_sethandle.py::test_invalid_handle[newh@ndle] PASSED [ 95%]
http_tests/user_tests/test_user_profile_sethandle.py::test_invalid_token PASSED [ 95%]
http_tests/user_tests/test_user_profile_setname.py::test_user_profile_setname_valid_name PASSED [ 95%]
http_tests/user_tests/test_user_profile_setname.py::test_invalid_name[-] PASSED [ 96%]
http_tests/user_tests/test_user_profile_setname.py::test_invalid_name[-MMMMMMMMMMMMMMMMMMMMMMMMMMMMMMMMMMMMMMMMMMMMMMMMMMM] PASSED [ 96%]
http_tests/user_tests/test_user_profile_setname.py::test_invalid_name[PPPPPPPPPPPPPPPPPPPPPPPPPPPPPPPPPPPPPPPPPPPPPPPPPPP-] PASSED [ 96%]
http_tests/user_tests/test_user_profile_setname.py::test_invalid_name[PPPPPPPPPPPPPPPPPPPPPPPPPPPPPPPPPPPPPPPPPPPPPPPPPPP-MMMMMMMMMMMMMMMMMMMMMMMMMMMMMMMMMMMMMMMMMMMMMMMMMMM] PASSED [ 96%]
http_tests/user_tests/test_user_profile_setname.py::test_invalid_token PASSED [ 97%]
http_tests/user_tests/test_user_profile_uploadphoto.py::test_return_format_correct PASSED [ 97%]
http_tests/user_tests/test_user_profile_uploadphoto.py::test_cannot_upload_non_jpeg PASSED [ 97%]
http_tests/user_tests/test_user_profile_uploadphoto.py::test_invalid_dimensions[-1000-0-0-0] PASSED [ 98%]
http_tests/user_tests/test_user_profile_uploadphoto.py::test_invalid_dimensions[0--1000-0-0] PASSED [ 98%]
http_tests/user_tests/test_user_profile_uploadphoto.py::test_invalid_dimensions[0-0--1000-0] PASSED [ 98%]
http_tests/user_tests/test_user_profile_uploadphoto.py::test_invalid_dimensions[0-0-0--1000] PASSED [ 98%]
http_tests/user_tests/test_user_profile_uploadphoto.py::test_x_end_less_than_start_value PASSED [ 99%]
http_tests/user_tests/test_user_profile_uploadphoto.py::test_y_end_less_than_start_value PASSED [ 99%]
http_tests/user_tests/test_user_profile_uploadphoto.py::test_invalid_url FAILED [ 99%]
http_tests/user_tests/test_user_profile_uploadphoto.py::test_invalid_token PASSED [100%]

====== Marks recorded: 167.13 ======


=================================== FAILURES ===================================
__________________ test_password_request_logs_out_everywhere ___________________

user_woody = User(email='sheriff.woody@andysroom.com', password='qazwsx!!', name_first='sheriff', name_last='woody', u_id=1, token=...eyJhdXRoX3VzZXJfaWQiOjEsInNlc3Npb25faWQiOjczfQ.HVAB4pxS33acP9zjKwM1jGyap15bDo6OQ43sLkuT80E', handle_str='sheriffwoody')
ctx = None

    @iteration3
    def test_password_request_logs_out_everywhere(user_woody, ctx):
        sess2 = auth_login(user_woody.email, user_woody.password, ctx)
    
        auth_passwordreset_request(user_woody.email, ctx)
    
        with pytest.raises(AccessError):
>           users_all(user_woody.token, ctx)
E           Failed: DID NOT RAISE <class 'http_tests.error.AccessError'>

http_tests/auth_tests/test_passwordreset_request.py:29: Failed
___________________________ test_invalid_message_id ____________________________

user_woody = User(email='sheriff.woody@andysroom.com', password='qazwsx!!', name_first='sheriff', name_last='woody', u_id=1, token=...yJhdXRoX3VzZXJfaWQiOjEsInNlc3Npb25faWQiOjI3N30.ClhgO8JtRzMx4zNrIjMWpmkmGV42UvtDPdELbGmr7f0', handle_str='sheriffwoody')
ctx = None

    @iteration3
    def test_invalid_message_id(user_woody, ctx):
        with pytest.raises(InputError):
>           message_pin(user_woody.token, -1, ctx)

http_tests/message_tests/test_message_pin.py:60: 
_ _ _ _ _ _ _ _ _ _ _ _ _ _ _ _ _ _ _ _ _ _ _ _ _ _ _ _ _ _ _ _ _ _ _ _ _ _ _ _ 
http_tests/fakepi/message.py:46: in message_pin
    token=token, message_id=message_id
_ _ _ _ _ _ _ _ _ _ _ _ _ _ _ _ _ _ _ _ _ _ _ _ _ _ _ _ _ _ _ _ _ _ _ _ _ _ _ _ 

res = <Response [403]>

    def parse_response(res):
        if res.status_code in [200, 201]:
            return res.json()
        elif res.status_code == 400:
            raise error.InputError()
        elif res.status_code == 403:
>           raise error.AccessError()
E           http_tests.error.AccessError: 403 Forbidden: None

http_tests/fakepi/util.py:70: AccessError
___________________________ test_nonmember_cant_pin ____________________________

user_woody = User(email='sheriff.woody@andysroom.com', password='qazwsx!!', name_first='sheriff', name_last='woody', u_id=1, token=...yJhdXRoX3VzZXJfaWQiOjEsInNlc3Npb25faWQiOjI4NX0.JoD71c9OD2b-AfTO1o11yivB65SpzObbV-EzgG0KkBs', handle_str='sheriffwoody')
user_zerg = User(email='zerg.thedestroyer@zergworld.com', password='!!qazwsx', name_first='lord', name_last='zerg', u_id=2, token=...J9.eyJhdXRoX3VzZXJfaWQiOjIsInNlc3Npb25faWQiOjI4Nn0.ONYLj2CRL9qG6VBUaM8beiz1_O5E51HhZ4X64ItmFmo', handle_str='lordzerg')
woodys_public_toybox = Channel(name='woodys toybox', is_public=True, channel_id=1, owner_members=[1], all_members=[])
message_factory = <function message_factory.<locals>.make_message at 0x7f4480edc950>
ctx = None

    @iteration3
    def test_nonmember_cant_pin(user_woody, user_zerg, woodys_public_toybox, message_factory, ctx):
        a_msg = message_factory(user_woody, woodys_public_toybox)
        with pytest.raises(InputError):
>           message_pin(user_zerg.token, a_msg.message_id, ctx)

http_tests/message_tests/test_message_pin.py:97: 
_ _ _ _ _ _ _ _ _ _ _ _ _ _ _ _ _ _ _ _ _ _ _ _ _ _ _ _ _ _ _ _ _ _ _ _ _ _ _ _ 
http_tests/fakepi/message.py:46: in message_pin
    token=token, message_id=message_id
_ _ _ _ _ _ _ _ _ _ _ _ _ _ _ _ _ _ _ _ _ _ _ _ _ _ _ _ _ _ _ _ _ _ _ _ _ _ _ _ 

res = <Response [403]>

    def parse_response(res):
        if res.status_code in [200, 201]:
            return res.json()
        elif res.status_code == 400:
            raise error.InputError()
        elif res.status_code == 403:
>           raise error.AccessError()
E           http_tests.error.AccessError: 403 Forbidden: None

http_tests/fakepi/util.py:70: AccessError
_______________________ test_successful_react_in_channel _______________________

user_woody = User(email='sheriff.woody@andysroom.com', password='qazwsx!!', name_first='sheriff', name_last='woody', u_id=1, token=...yJhdXRoX3VzZXJfaWQiOjEsInNlc3Npb25faWQiOjI4OH0.3wW-UN6bxsAJ36yZRFAM4faz6twl_Yog2ltUEkfGeKo', handle_str='sheriffwoody')
user_buzz = User(email='buzz.lightyear@starcommand.com', password='qazwsx@@', name_first='buzz', name_last='lightyear', u_id=2, to...JhdXRoX3VzZXJfaWQiOjIsInNlc3Npb25faWQiOjI4OX0.4Psju0LRzwJZCzACu4NG4YI17_1O-3Zr_3rJzfg-V0E', handle_str='buzzlightyear')
woodys_public_toybox = Channel(name='woodys toybox', is_public=True, channel_id=1, owner_members=[1], all_members=[])
message_factory = <function message_factory.<locals>.make_message at 0x7f4480f44c80>
ctx = None

    @iteration3
    def test_successful_react_in_channel(user_woody, user_buzz, woodys_public_toybox, message_factory, ctx):
        channel_join(user_buzz.token, woodys_public_toybox.channel_id, ctx)
    
        a_msg = message_factory(user_woody, woodys_public_toybox)
    
        assert message_react(user_woody.token, a_msg.message_id, REACT, ctx) == {}
    
        woodys_vw = channel_messages(user_woody.token, woodys_public_toybox.channel_id, 0, ctx)['messages'][0]['reacts'][0]
        buzzs_vw = channel_messages(user_buzz.token, woodys_public_toybox.channel_id, 0, ctx)['messages'][0]['reacts'][0]
    
        assert user_woody.u_id in woodys_vw['u_ids']
        assert woodys_vw['is_this_user_reacted']
    
        assert user_buzz.u_id not in buzzs_vw['u_ids']
>       assert not buzzs_vw['is_this_user_reacted']
E       assert not True

http_tests/message_tests/test_message_react.py:33: AssertionError
_____________________ test_successful_react_to_dm_message ______________________

user_woody = User(email='sheriff.woody@andysroom.com', password='qazwsx!!', name_first='sheriff', name_last='woody', u_id=1, token=...yJhdXRoX3VzZXJfaWQiOjEsInNlc3Npb25faWQiOjI5MH0.j4aQyem253Fxxz2RnRtjde4kiYHCJ5q4qIJQzRVKCsk', handle_str='sheriffwoody')
user_buzz = User(email='buzz.lightyear@starcommand.com', password='qazwsx@@', name_first='buzz', name_last='lightyear', u_id=2, to...JhdXRoX3VzZXJfaWQiOjIsInNlc3Npb25faWQiOjI5MX0.CilKjO0vrgBufVyy75ymrEutkRuJC2kGTjQo7DhpOr4', handle_str='buzzlightyear')
woody_and_buzz_dm = DM(owner=1, members=[2], name='buzzlightyear, sheriffwoody', dm_id=1)
message_factory = <function message_factory.<locals>.make_message at 0x7f4480f442f0>
ctx = None

    @iteration3
    def test_successful_react_to_dm_message(user_woody, user_buzz, woody_and_buzz_dm, message_factory, ctx):
        a_msg = message_factory(user_woody, woody_and_buzz_dm)
    
        assert message_react(user_woody.token, a_msg.message_id, REACT, ctx) == {}
    
        woodys_vw = dm_messages(user_woody.token, woody_and_buzz_dm.dm_id, 0, ctx)['messages'][0]['reacts'][0]
        buzzs_vw = dm_messages(user_buzz.token, woody_and_buzz_dm.dm_id, 0, ctx)['messages'][0]['reacts'][0]
    
        assert user_woody.u_id in woodys_vw['u_ids']
        assert woodys_vw['is_this_user_reacted']
    
        assert user_buzz.u_id not in woodys_vw['u_ids']
>       assert not buzzs_vw['is_this_user_reacted']
E       assert not True

http_tests/message_tests/test_message_react.py:49: AssertionError
_________________________ test_nonmember_cannot_react __________________________

user_woody = User(email='sheriff.woody@andysroom.com', password='qazwsx!!', name_first='sheriff', name_last='woody', u_id=1, token=...yJhdXRoX3VzZXJfaWQiOjEsInNlc3Npb25faWQiOjI5NX0.IRKpumGjwp4bkD6QJQzI92vHmTXWIv_wENtI_vM7Has', handle_str='sheriffwoody')
user_zerg = User(email='zerg.thedestroyer@zergworld.com', password='!!qazwsx', name_first='lord', name_last='zerg', u_id=2, token=...J9.eyJhdXRoX3VzZXJfaWQiOjIsInNlc3Npb25faWQiOjI5Nn0.an6FN1OeYpa8VWTSZIylgNbfTrt_du5AqL0XECZju-k', handle_str='lordzerg')
woodys_public_toybox = Channel(name='woodys toybox', is_public=True, channel_id=1, owner_members=[1], all_members=[])
message_factory = <function message_factory.<locals>.make_message at 0x7f4480f3b840>
ctx = None

    @iteration3
    def test_nonmember_cannot_react(user_woody, user_zerg, woodys_public_toybox, message_factory, ctx):
        a_msg = message_factory(user_woody, woodys_public_toybox)
        with pytest.raises(InputError):
>           message_react(user_zerg.token, a_msg.message_id, REACT, ctx)
E           Failed: DID NOT RAISE <class 'http_tests.error.InputError'>

http_tests/message_tests/test_message_react.py:77: Failed
___________________________ test_returns_immediately ___________________________

user_woody = User(email='sheriff.woody@andysroom.com', password='qazwsx!!', name_first='sheriff', name_last='woody', u_id=1, token=...yJhdXRoX3VzZXJfaWQiOjEsInNlc3Npb25faWQiOjMyOX0.byh0_Jg6Y20eZ7UKwHqqGzFUuEh_o3b0_zI-TY-7-uE', handle_str='sheriffwoody')
woodys_public_toybox = Channel(name='woodys toybox', is_public=True, channel_id=1, owner_members=[1], all_members=[])
ctx = None

    @iteration3
    def test_returns_immediately(user_woody, woodys_public_toybox, ctx):
        msg_text = 'hello, world'
        time_req = utc_now()
        tts = utc_now() + 2
        msg = message_sendlater(user_woody.token, woodys_public_toybox.channel_id, msg_text, tts, ctx)
    
>       assert abs(time_req - utc_now()) <= 1
E       assert 2 <= 1
E        +  where 2 = abs((1636951502 - 1636951504))
E        +    where 1636951504 = utc_now()

http_tests/message_tests/test_message_sendlater.py:39: AssertionError
___________________________ test_returns_immediately ___________________________

user_woody = User(email='sheriff.woody@andysroom.com', password='qazwsx!!', name_first='sheriff', name_last='woody', u_id=1, token=...yJhdXRoX3VzZXJfaWQiOjEsInNlc3Npb25faWQiOjMzOX0.yLxoeyX_MWdSiMFoCAV6Z4WMGp7frtsoVb_8NxLjn_o', handle_str='sheriffwoody')
woody_and_buzz_dm = DM(owner=1, members=[2], name='buzzlightyear, sheriffwoody', dm_id=1)
ctx = None

    @iteration3
    def test_returns_immediately(user_woody, woody_and_buzz_dm, ctx):
        msg_text = 'hello, world'
        time_req = utc_now()
        tts = utc_now() + 2
        msg = message_sendlaterdm(user_woody.token, woody_and_buzz_dm.dm_id, msg_text, tts, ctx)
    
>       assert abs(time_req - utc_now()) <= 1
E       assert 2 <= 1
E        +  where 2 = abs((1636951509 - 1636951511))
E        +    where 1636951511 = utc_now()

http_tests/message_tests/test_message_sendlaterdm.py:39: AssertionError
___________________ test_cannot_share_from_unjoined_channel ____________________

user_zerg = User(email='zerg.thedestroyer@zergworld.com', password='!!qazwsx', name_first='lord', name_last='zerg', u_id=1, token=...J9.eyJhdXRoX3VzZXJfaWQiOjEsInNlc3Npb25faWQiOjM2M30.33DmgbfWlE_7xCufhwgRItQIJLsNTgljoJotoMsDir0', handle_str='lordzerg')
user_woody = User(email='sheriff.woody@andysroom.com', password='qazwsx!!', name_first='sheriff', name_last='woody', u_id=2, token=...yJhdXRoX3VzZXJfaWQiOjIsInNlc3Npb25faWQiOjM2NH0.TyLuFS0OEMdC8W6KurOgelMRQMU7lEhpBw-kJPMPEqM', handle_str='sheriffwoody')
woodys_public_toybox = Channel(name='woodys toybox', is_public=True, channel_id=1, owner_members=[2], all_members=[])
zergs_private_lair = Channel(name='zergs lair', is_public=False, channel_id=2, owner_members=[1], all_members=[])
message_factory = <function message_factory.<locals>.make_message at 0x7f4480e5d1e0>
ctx = None

    @iteration3
    def test_cannot_share_from_unjoined_channel(user_zerg, user_woody, woodys_public_toybox, zergs_private_lair, message_factory, ctx):
        a_msg = message_factory(user_woody, woodys_public_toybox)
        with pytest.raises(InputError):
>           message_share(user_zerg.token, a_msg.message_id, 'lol', zergs_private_lair.channel_id, -1, ctx)
E           Failed: DID NOT RAISE <class 'http_tests.error.InputError'>

http_tests/message_tests/test_message_share.py:77: Failed
__________________________ test_nonmember_cant_unpin ___________________________

user_woody = User(email='sheriff.woody@andysroom.com', password='qazwsx!!', name_first='sheriff', name_last='woody', u_id=1, token=...yJhdXRoX3VzZXJfaWQiOjEsInNlc3Npb25faWQiOjM4N30.NBTgv6QiZnx3UdhVYosrW8hIyLhM-Nsw3oKhphRoFJ4', handle_str='sheriffwoody')
user_zerg = User(email='zerg.thedestroyer@zergworld.com', password='!!qazwsx', name_first='lord', name_last='zerg', u_id=2, token=...J9.eyJhdXRoX3VzZXJfaWQiOjIsInNlc3Npb25faWQiOjM4OH0.hsqpHMnVf5B8X2N0UQ_vzeHXirwS9NHY-ef-QMYS2cU', handle_str='lordzerg')
woodys_public_toybox = Channel(name='woodys toybox', is_public=True, channel_id=1, owner_members=[1], all_members=[])
message_factory = <function message_factory.<locals>.make_message at 0x7f4480de9840>
ctx = None

    @iteration3
    def test_nonmember_cant_unpin(user_woody, user_zerg, woodys_public_toybox, message_factory, ctx):
        a_msg = message_factory(user_woody, woodys_public_toybox)
        msg_pin(user_woody.token, a_msg.message_id, ctx)
        with pytest.raises(InputError):
>           message_unpin(user_zerg.token, a_msg.message_id, ctx)

http_tests/message_tests/test_message_unpin.py:109: 
_ _ _ _ _ _ _ _ _ _ _ _ _ _ _ _ _ _ _ _ _ _ _ _ _ _ _ _ _ _ _ _ _ _ _ _ _ _ _ _ 
http_tests/fakepi/message.py:57: in message_unpin
    token=token, message_id=message_id
_ _ _ _ _ _ _ _ _ _ _ _ _ _ _ _ _ _ _ _ _ _ _ _ _ _ _ _ _ _ _ _ _ _ _ _ _ _ _ _ 

res = <Response [403]>

    def parse_response(res):
        if res.status_code in [200, 201]:
            return res.json()
        elif res.status_code == 400:
            raise error.InputError()
        elif res.status_code == 403:
>           raise error.AccessError()
E           http_tests.error.AccessError: 403 Forbidden: None

http_tests/fakepi/util.py:70: AccessError
_______________ test_tag_thru_message_edit_triggers_notification _______________

user_woody = User(email='sheriff.woody@andysroom.com', password='qazwsx!!', name_first='sheriff', name_last='woody', u_id=1, token=...yJhdXRoX3VzZXJfaWQiOjEsInNlc3Npb25faWQiOjQwNn0.FDGehYU6jIvJlNtv1PwkEv4aDdyIzLnxl3J1kYugmgc', handle_str='sheriffwoody')
user_buzz = User(email='buzz.lightyear@starcommand.com', password='qazwsx@@', name_first='buzz', name_last='lightyear', u_id=2, to...JhdXRoX3VzZXJfaWQiOjIsInNlc3Npb25faWQiOjQwN30.ScOZC5tAGh7DSe7h1lzca-S6Y6-r6F9kOy93lzr-BcE', handle_str='buzzlightyear')
woodys_public_toybox = Channel(name='woodys toybox', is_public=True, channel_id=1, owner_members=[1], all_members=[])
message_factory = <function message_factory.<locals>.make_message at 0x7f4480de1400>
ctx = None

    @iteration3
    def test_tag_thru_message_edit_triggers_notification(user_woody, user_buzz, woodys_public_toybox, message_factory, ctx):
        channel_invite(user_woody.token, woodys_public_toybox.channel_id, user_buzz.u_id, ctx)
    
        a_msg = message_factory(user_buzz, woodys_public_toybox)
    
        content = f'@{user_woody.handle_str} hi'
        message_edit(user_buzz.token, a_msg.message_id, content, ctx)
    
        notifs = notifications_get(user_woody.token, ctx)
    
>       assert notifs == {'notifications': [{
            'channel_id': woodys_public_toybox.channel_id,
            'dm_id': -1,
            'notification_message': f'{user_buzz.handle_str} tagged you in {woodys_public_toybox.name}: {content[:20]}'
        }]}
E       AssertionError: assert {'notifications': []} == {'notifications': [{'channel_id': 1,\n                    'dm_id': -1,\n                    'notification_message': 'buzzlightyear tagged you in '\n                                            'woodys toybox: @sheriffwoody hi'}]}
E         Differing items:
E         {'notifications': []} != {'notifications': [{'channel_id': 1, 'dm_id': -1, 'notification_message': 'buzzlightyear tagged you in woodys toybox: @sheriffwoody hi'}]}
E         Full diff:
E           {
E         +  'notifications': [],
E         -  'notifications': [{'channel_id': 1,
E         -                     'dm_id': -1,
E         -                     'notification_message': 'buzzlightyear tagged you in '
E         -                                             'woodys toybox: @sheriffwoody hi'}],
E           }

http_tests/other_tests/test_notifications_get.py:58: AssertionError
____________ test_tag_thru_message_sendlater_triggers_notification _____________

user_woody = User(email='sheriff.woody@andysroom.com', password='qazwsx!!', name_first='sheriff', name_last='woody', u_id=1, token=...yJhdXRoX3VzZXJfaWQiOjEsInNlc3Npb25faWQiOjQxMH0.0b7QvyaEy6QfVk37eX6n_GIDJFxN2dMgmaVbDoPCCGo', handle_str='sheriffwoody')
user_buzz = User(email='buzz.lightyear@starcommand.com', password='qazwsx@@', name_first='buzz', name_last='lightyear', u_id=2, to...JhdXRoX3VzZXJfaWQiOjIsInNlc3Npb25faWQiOjQxMX0.CPpubZtEnDnu-urrUt8upuEmpit737H4U53UT5WoCHM', handle_str='buzzlightyear')
woodys_public_toybox = Channel(name='woodys toybox', is_public=True, channel_id=1, owner_members=[1], all_members=[])
message_factory = <function message_factory.<locals>.make_message at 0x7f4480ec4d90>
ctx = None

    @iteration3
    def test_tag_thru_message_sendlater_triggers_notification(user_woody, user_buzz, woodys_public_toybox, message_factory, ctx):
        channel_invite(user_woody.token, woodys_public_toybox.channel_id, user_buzz.u_id, ctx)
    
        content = f'@{user_woody.handle_str} hi'
        message_factory(user_buzz, woodys_public_toybox, content, delay=1)
    
        sleep(2)
    
        notifs = notifications_get(user_woody.token, ctx)
    
>       assert notifs == {'notifications': [{
            'channel_id': woodys_public_toybox.channel_id,
            'dm_id': -1,
            'notification_message': f'{user_buzz.handle_str} tagged you in {woodys_public_toybox.name}: {content[:20]}'
        }]}
E       AssertionError: assert {'notifications': []} == {'notifications': [{'channel_id': 1,\n                    'dm_id': -1,\n                    'notification_message': 'buzzlightyear tagged you in '\n                                            'woodys toybox: @sheriffwoody hi'}]}
E         Differing items:
E         {'notifications': []} != {'notifications': [{'channel_id': 1, 'dm_id': -1, 'notification_message': 'buzzlightyear tagged you in woodys toybox: @sheriffwoody hi'}]}
E         Full diff:
E           {
E         +  'notifications': [],
E         -  'notifications': [{'channel_id': 1,
E         -                     'dm_id': -1,
E         -                     'notification_message': 'buzzlightyear tagged you in '
E         -                                             'woodys toybox: @sheriffwoody hi'}],
E           }

http_tests/other_tests/test_notifications_get.py:100: AssertionError
___________ test_tag_thru_message_sendlaterdm_triggers_notification ____________

user_woody = User(email='sheriff.woody@andysroom.com', password='qazwsx!!', name_first='sheriff', name_last='woody', u_id=1, token=...yJhdXRoX3VzZXJfaWQiOjEsInNlc3Npb25faWQiOjQxMn0.FdH4ICg-0S_A_XWokhYF0olRC9DA4eu6G2pICkuUMvg', handle_str='sheriffwoody')
user_buzz = User(email='buzz.lightyear@starcommand.com', password='qazwsx@@', name_first='buzz', name_last='lightyear', u_id=2, to...JhdXRoX3VzZXJfaWQiOjIsInNlc3Npb25faWQiOjQxM30.68Q3imjCHkm6grvj9D9MhhAoNw2I6x0ax3JjgXLNLbE', handle_str='buzzlightyear')
woody_and_buzz_dm = DM(owner=1, members=[2], name='buzzlightyear, sheriffwoody', dm_id=1)
message_factory = <function message_factory.<locals>.make_message at 0x7f4480f386a8>
ctx = None

    @iteration3
    def test_tag_thru_message_sendlaterdm_triggers_notification(user_woody, user_buzz, woody_and_buzz_dm, message_factory, ctx):
        content = f'@{user_woody.handle_str} hi'
        message_factory(user_buzz, woody_and_buzz_dm, content, delay=1)
    
        sleep(2)
    
        notifs = notifications_get(user_woody.token, ctx)
    
>       assert notifs == {'notifications': [{
            'channel_id': -1,
            'dm_id': woody_and_buzz_dm.dm_id,
            'notification_message': f'{user_buzz.handle_str} tagged you in {woody_and_buzz_dm.name}: {content[:20]}'
        }]}
E       AssertionError: assert {'notifications': []} == {'notifications': [{'channel_id': -1,\n                    'dm_id': 1,\n                    'notification_message': 'buzzlightyear tagged you in '\n                                            'buzzlightyear, sheriffwoody: '\n                                            '@sheriffwoody hi'}]}
E         Differing items:
E         {'notifications': []} != {'notifications': [{'channel_id': -1, 'dm_id': 1, 'notification_message': 'buzzlightyear tagged you in buzzlightyear, sheriffwoody: @sheriffwoody hi'}]}
E         Full diff:
E           {
E         +  'notifications': [],
E         -  'notifications': [{'channel_id': -1,
E         -                     'dm_id': 1,
E         -                     'notification_message': 'buzzlightyear tagged you in '
E         -                                             'buzzlightyear, sheriffwoody: '
E         -                                             '@sheriffwoody hi'}],
E           }

http_tests/other_tests/test_notifications_get.py:116: AssertionError
_______________________ test_correct_return_format[True] _______________________

do_standup = True
user_woody = User(email='sheriff.woody@andysroom.com', password='qazwsx!!', name_first='sheriff', name_last='woody', u_id=1, token=...yJhdXRoX3VzZXJfaWQiOjEsInNlc3Npb25faWQiOjQ0NH0.BX6KyZYfPsd7_qWHy8A9NPrrI5S6s_3dEoxhAsBsZLA', handle_str='sheriffwoody')
woodys_public_toybox = Channel(name='woodys toybox', is_public=True, channel_id=1, owner_members=[1], all_members=[])
standup_factory = <function standup_factory.<locals>.make_standup at 0x7f4480e83bf8>
ctx = None

    @iteration3
    @pytest.mark.parametrize('do_standup', [True, False])
    def test_correct_return_format(do_standup, user_woody, woodys_public_toybox, standup_factory, ctx):
        if do_standup:
            standup_factory(user_woody, woodys_public_toybox)
    
        r = standup_active(user_woody.token, woodys_public_toybox.channel_id, ctx)
    
        assert 'is_active' in r and isinstance(r['is_active'], bool)
>       assert 'time_finish' in r and (type(r['time_finish']) is int if do_standup else type(r['time_finish'] is None))
E       AssertionError: assert ('time_finish' in {'is_active': True, 'time_finish': 1636951526.788245} and False)

http_tests/standup_tests/test_standup_active.py:25: AssertionError
________________ test_messages_buffered_and_displayed_correctly ________________

user_woody = User(email='sheriff.woody@andysroom.com', password='qazwsx!!', name_first='sheriff', name_last='woody', u_id=1, token=...yJhdXRoX3VzZXJfaWQiOjEsInNlc3Npb25faWQiOjQ1MH0.GZtQe0dkkb1Nu_LxdDcCDrADxrYZJ2I2EArgHJ416Sc', handle_str='sheriffwoody')
user_buzz = User(email='buzz.lightyear@starcommand.com', password='qazwsx@@', name_first='buzz', name_last='lightyear', u_id=2, to...JhdXRoX3VzZXJfaWQiOjIsInNlc3Npb25faWQiOjQ1MX0.Iq0jQWjqT-1Ug7mDKVenrGu6FnbiH0hcF_9sFcTROlo', handle_str='buzzlightyear')
woodys_public_toybox = Channel(name='woodys toybox', is_public=True, channel_id=1, owner_members=[1], all_members=[])
standup_factory = <function standup_factory.<locals>.make_standup at 0x7f4480e6da60>
ctx = None

    @iteration3
    def test_messages_buffered_and_displayed_correctly(user_woody, user_buzz, woodys_public_toybox, standup_factory, ctx):
        channel_join(user_buzz.token, woodys_public_toybox.channel_id, ctx)
    
        std = standup_factory(user_woody, woodys_public_toybox, 1)
    
        standup_send(user_woody.token, woodys_public_toybox.channel_id, 'welcome', ctx)
        standup_send(user_buzz.token, woodys_public_toybox.channel_id, 'to the', ctx)
        standup_send(user_woody.token, woodys_public_toybox.channel_id, 'black parade', ctx)
    
        sleep(2)
    
        ch_msgs = channel_messages(user_woody.token, woodys_public_toybox.channel_id, 0, ctx)['messages']
        expected = '\n'.join([
            f'{user_woody.handle_str}: welcome',
            f'{user_buzz.handle_str}: to the',
            f'{user_woody.handle_str}: black parade'
        ])
    
>       assert len(ch_msgs) == 1 and ch_msgs[0]['message'] == expected and ch_msgs[0]['time_created'] == std.time_finish
E       assert (0 == 1
E         +0
E         -1)

http_tests/standup_tests/test_standup_send.py:35: AssertionError
_______________________ test_standup_start_return_format _______________________

user_woody = User(email='sheriff.woody@andysroom.com', password='qazwsx!!', name_first='sheriff', name_last='woody', u_id=1, token=...yJhdXRoX3VzZXJfaWQiOjEsInNlc3Npb25faWQiOjQ1OX0.4yqVmD0LwAlJIUg2ZfHlJhCt413c2vwJ1AWhzyAJg8s', handle_str='sheriffwoody')
woodys_public_toybox = Channel(name='woodys toybox', is_public=True, channel_id=1, owner_members=[1], all_members=[])
ctx = None

    @iteration3
    def test_standup_start_return_format(user_woody, woodys_public_toybox, ctx):
        ret = standup_start(user_woody.token, woodys_public_toybox.channel_id, 1, ctx)
    
>       assert 'time_finish' in ret and isinstance(ret['time_finish'], int)
E       AssertionError: assert ('time_finish' in {'time_finish': 1636951535.503437} and False)
E        +  where False = isinstance(1636951535.503437, int)

http_tests/standup_tests/test_standup_start.py:20: AssertionError
_____________________ test_channels_tracked_channel_invite _____________________

user_woody = User(email='sheriff.woody@andysroom.com', password='qazwsx!!', name_first='sheriff', name_last='woody', u_id=1, token=...yJhdXRoX3VzZXJfaWQiOjEsInNlc3Npb25faWQiOjQ3NH0.yPALsb41csn1BbNcV2FS5Za7Iw3KzRooFqdRYLVRO-0', handle_str='sheriffwoody')
user_zerg = User(email='zerg.thedestroyer@zergworld.com', password='!!qazwsx', name_first='lord', name_last='zerg', u_id=2, token=...J9.eyJhdXRoX3VzZXJfaWQiOjIsInNlc3Npb25faWQiOjQ3NX0.lpHpw8iuAvCPqCkYPcZSOPmGsvTFbPvnzD9I7LMBk3U', handle_str='lordzerg')
zergs_private_lair = Channel(name='zergs lair', is_public=False, channel_id=1, owner_members=[2], all_members=[])
ctx = None

    @iteration3
    def test_channels_tracked_channel_invite(user_woody, user_zerg, zergs_private_lair, ctx):
        channel_invite(user_zerg.token, zergs_private_lair.channel_id, user_woody.u_id, ctx)
    
        ch_stats = user_stats(user_woody.token, ctx)['user_stats']['channels_joined']
    
>       assert len(ch_stats) == 2
E       assert 1 == 2
E         +1
E         -2

http_tests/stats_tests/test_user_stats.py:69: AssertionError
_____________________ test_messages_tracked_standup_finish _____________________

user_woody = User(email='sheriff.woody@andysroom.com', password='qazwsx!!', name_first='sheriff', name_last='woody', u_id=1, token=...yJhdXRoX3VzZXJfaWQiOjEsInNlc3Npb25faWQiOjQ4OX0.jBNtLr4AXYCuRZ3_El8naKIUyaMBF5MLFksD42NS5jI', handle_str='sheriffwoody')
woodys_public_toybox = Channel(name='woodys toybox', is_public=True, channel_id=1, owner_members=[1], all_members=[])
standup_factory = <function standup_factory.<locals>.make_standup at 0x7f4480e55598>
ctx = None

    @iteration3
    def test_messages_tracked_standup_finish(user_woody, woodys_public_toybox, standup_factory, ctx):
        standup_factory(user_woody, woodys_public_toybox, 1)
        standup_send(user_woody.token, woodys_public_toybox.channel_id, 'hi', ctx)
    
        sleep(2)
    
>       msg_stats = user_stats(user_woody.token, ctx)['user_stats']['messages_sent']

http_tests/stats_tests/test_user_stats.py:187: 
_ _ _ _ _ _ _ _ _ _ _ _ _ _ _ _ _ _ _ _ _ _ _ _ _ _ _ _ _ _ _ _ _ _ _ _ _ _ _ _ 
http_tests/fakepi/user.py:57: in user_stats
    token=token
_ _ _ _ _ _ _ _ _ _ _ _ _ _ _ _ _ _ _ _ _ _ _ _ _ _ _ _ _ _ _ _ _ _ _ _ _ _ _ _ 

res = <Response [500]>

    def parse_response(res):
        if res.status_code in [200, 201]:
            return res.json()
        elif res.status_code == 400:
            raise error.InputError()
        elif res.status_code == 403:
            raise error.AccessError()
        else:
>           raise Exception(res)
E           Exception: <Response [500]>

http_tests/fakepi/util.py:72: Exception
_____________________ test_messages_tracked_standup_finish _____________________

user_woody = User(email='sheriff.woody@andysroom.com', password='qazwsx!!', name_first='sheriff', name_last='woody', u_id=1, token=...yJhdXRoX3VzZXJfaWQiOjEsInNlc3Npb25faWQiOjUwNX0.ro_6FCKlhFWmcHGKcluwyr4OknjTHRVNkhSrfWGRK1g', handle_str='sheriffwoody')
woodys_public_toybox = Channel(name='woodys toybox', is_public=True, channel_id=1, owner_members=[1], all_members=[])
standup_factory = <function standup_factory.<locals>.make_standup at 0x7f4480f27a60>
ctx = None

    @iteration3
    def test_messages_tracked_standup_finish(user_woody, woodys_public_toybox, standup_factory, ctx):
        standup_factory(user_woody, woodys_public_toybox, 1)
        standup_send(user_woody.token, woodys_public_toybox.channel_id, 'hi', ctx)
    
        sleep(2)
    
>       msg_stats = users_stats(user_woody.token, ctx)['workspace_stats']['messages_exist']

http_tests/stats_tests/test_users_stats.py:144: 
_ _ _ _ _ _ _ _ _ _ _ _ _ _ _ _ _ _ _ _ _ _ _ _ _ _ _ _ _ _ _ _ _ _ _ _ _ _ _ _ 
http_tests/fakepi/other.py:24: in users_stats
    token=token
_ _ _ _ _ _ _ _ _ _ _ _ _ _ _ _ _ _ _ _ _ _ _ _ _ _ _ _ _ _ _ _ _ _ _ _ _ _ _ _ 

res = <Response [500]>

    def parse_response(res):
        if res.status_code in [200, 201]:
            return res.json()
        elif res.status_code == 400:
            raise error.InputError()
        elif res.status_code == 403:
            raise error.AccessError()
        else:
>           raise Exception(res)
E           Exception: <Response [500]>

http_tests/fakepi/util.py:72: Exception
_______________________________ test_invalid_url _______________________________

user_woody = User(email='sheriff.woody@andysroom.com', password='qazwsx!!', name_first='sheriff', name_last='woody', u_id=1, token=...yJhdXRoX3VzZXJfaWQiOjEsInNlc3Npb25faWQiOjU0OX0.HwoaHdiHV9T_5MPbqo11sSXmF7LCoG6VaAV8XhGePZY', handle_str='sheriffwoody')
img = IMG(url='http://cgi.cse.unsw.edu.au/~jas/home/pics/jas.jpg', xmin=0, ymin=0, xmax=144, ymax=61)
ctx = None

    @iteration3
    def test_invalid_url(user_woody, img, ctx):
        with pytest.raises(InputError):
>           user_profile_uploadphoto(user_woody.token, 'http://cgi.cse.unsw.edu.au/~jas/home/pics/jas5.jpg', img.xmin, img.ymin, img.xmax, img.ymax, ctx)

http_tests/user_tests/test_user_profile_uploadphoto.py:63: 
_ _ _ _ _ _ _ _ _ _ _ _ _ _ _ _ _ _ _ _ _ _ _ _ _ _ _ _ _ _ _ _ _ _ _ _ _ _ _ _ 
http_tests/fakepi/user.py:68: in user_profile_uploadphoto
    token=token, img_url=img_url, x_start=xmin, y_start=ymin, x_end=xmax, y_end=ymax
_ _ _ _ _ _ _ _ _ _ _ _ _ _ _ _ _ _ _ _ _ _ _ _ _ _ _ _ _ _ _ _ _ _ _ _ _ _ _ _ 

res = <Response [500]>

    def parse_response(res):
        if res.status_code in [200, 201]:
            return res.json()
        elif res.status_code == 400:
            raise error.InputError()
        elif res.status_code == 403:
            raise error.AccessError()
        else:
>           raise Exception(res)
E           Exception: <Response [500]>

http_tests/fakepi/util.py:72: Exception
=========================== short test summary info ============================
FAILED http_tests/auth_tests/test_passwordreset_request.py::test_password_request_logs_out_everywhere
FAILED http_tests/message_tests/test_message_pin.py::test_invalid_message_id
FAILED http_tests/message_tests/test_message_pin.py::test_nonmember_cant_pin
FAILED http_tests/message_tests/test_message_react.py::test_successful_react_in_channel
FAILED http_tests/message_tests/test_message_react.py::test_successful_react_to_dm_message
FAILED http_tests/message_tests/test_message_react.py::test_nonmember_cannot_react
FAILED http_tests/message_tests/test_message_sendlater.py::test_returns_immediately
FAILED http_tests/message_tests/test_message_sendlaterdm.py::test_returns_immediately
FAILED http_tests/message_tests/test_message_share.py::test_cannot_share_from_unjoined_channel
FAILED http_tests/message_tests/test_message_unpin.py::test_nonmember_cant_unpin
FAILED http_tests/other_tests/test_notifications_get.py::test_tag_thru_message_edit_triggers_notification
FAILED http_tests/other_tests/test_notifications_get.py::test_tag_thru_message_sendlater_triggers_notification
FAILED http_tests/other_tests/test_notifications_get.py::test_tag_thru_message_sendlaterdm_triggers_notification
FAILED http_tests/standup_tests/test_standup_active.py::test_correct_return_format[True]
FAILED http_tests/standup_tests/test_standup_send.py::test_messages_buffered_and_displayed_correctly
FAILED http_tests/standup_tests/test_standup_start.py::test_standup_start_return_format
FAILED http_tests/stats_tests/test_user_stats.py::test_channels_tracked_channel_invite
FAILED http_tests/stats_tests/test_user_stats.py::test_messages_tracked_standup_finish
FAILED http_tests/stats_tests/test_users_stats.py::test_messages_tracked_standup_finish
FAILED http_tests/user_tests/test_user_profile_uploadphoto.py::test_invalid_url
================== 20 failed, 339 passed in 100.50s (0:01:40) ==================
